<?xml version="1.0" encoding="UTF-8"?>
<testng-results ignored="0" total="1" passed="1" failed="0" skipped="0">
  <reporter-output>
  </reporter-output>
  <suite started-at="2024-04-26T23:10:11 IST" name="Default suite" finished-at="2024-04-26T23:10:27 IST" duration-ms="16229">
    <groups>
    </groups>
    <test started-at="2024-04-26T23:10:11 IST" name="Default test" finished-at="2024-04-26T23:10:27 IST" duration-ms="16229">
      <class name="com.appiumDay1.Launch_App">
        <test-method is-config="true" signature="setup()[pri:0, instance:com.appiumDay1.Launch_App@3a93b025]" started-at="2024-04-26T23:10:11 IST" name="setup" finished-at="2024-04-26T23:10:27 IST" duration-ms="16054" status="PASS">
          <reporter-output>
          </reporter-output>
        </test-method> <!-- setup -->
        <test-method signature="launch_app_in_device()[pri:0, instance:com.appiumDay1.Launch_App@3a93b025]" started-at="2024-04-26T23:10:27 IST" name="launch_app_in_device" finished-at="2024-04-26T23:10:27 IST" duration-ms="28" status="PASS">
          <reporter-output>
          </reporter-output>
        </test-method> <!-- launch_app_in_device -->
      </class> <!-- com.appiumDay1.Launch_App -->
    </test> <!-- Default test -->
  </suite> <!-- Default suite -->
</testng-results>
